\BOOKMARK [0][-]{chapter*.8}{Introduction}{}% 1
\BOOKMARK [1][-]{section.0.1}{The Neural Basis of Error Monitoring and Defensive Motivation}{chapter*.8}% 2
\BOOKMARK [2][-]{subsection.0.1.1}{Error Monitoring}{section.0.1}% 3
\BOOKMARK [2][-]{subsection.0.1.2}{Defensive Motivation}{section.0.1}% 4
\BOOKMARK [2][-]{subsection.0.1.3}{The ERN and Startle}{section.0.1}% 5
\BOOKMARK [2][-]{subsection.0.1.4}{State versus Trait Anxiety}{section.0.1}% 6
\BOOKMARK [1][-]{section.0.2}{Open Science}{chapter*.8}% 7
\BOOKMARK [2][-]{subsection.0.2.1}{Historical Precedence}{section.0.2}% 8
\BOOKMARK [2][-]{subsection.0.2.2}{Open Science Collaboration}{section.0.2}% 9
\BOOKMARK [2][-]{subsection.0.2.3}{The Reproducibility Project}{section.0.2}% 10
\BOOKMARK [0][-]{chapter.1}{Chapter 1: The Replication}{}% 11
\BOOKMARK [1][-]{section.1.1}{Methods}{chapter.1}% 12
\BOOKMARK [2][-]{subsection.1.1.1}{The Task}{section.1.1}% 13
\BOOKMARK [2][-]{subsection.1.1.2}{Errors and EEG}{section.1.1}% 14
\BOOKMARK [2][-]{subsection.1.1.3}{Startle and EMG}{section.1.1}% 15
\BOOKMARK [1][-]{section.1.2}{Results}{chapter.1}% 16
\BOOKMARK [1][-]{section.1.3}{Discussion}{chapter.1}% 17
\BOOKMARK [0][-]{chapter.2}{Chapter 2: The Extension}{}% 18
\BOOKMARK [1][-]{section.2.1}{Methods}{chapter.2}% 19
\BOOKMARK [1][-]{section.2.2}{Results}{chapter.2}% 20
\BOOKMARK [1][-]{section.2.3}{Discussion}{chapter.2}% 21
\BOOKMARK [0][-]{chapter.3}{Chapter 3: General Discussion}{}% 22
\BOOKMARK [0][-]{chapter.4}{Chapter 4: The Future of Open Science}{}% 23
\BOOKMARK [0][-]{chapter*.9}{Conclusion}{}% 24
\BOOKMARK [1][-]{section.4.1}{More info}{chapter*.9}% 25
\BOOKMARK [0][-]{appendix.A}{Appendix A: The First Appendix}{}% 26
\BOOKMARK [0][-]{appendix.B}{Appendix B: The Second Appendix, for Fun}{}% 27
\BOOKMARK [0][-]{appendix*.10}{References}{}% 28
